# JRE version: Java(TM) SE Runtime Environment (8.0_201-b09) (build 1.8.0_201-b09)
# Java VM: Java HotSpot(TM) 64-Bit Server VM (25.201-b09 mixed mode linux-amd64 compressed oops)
Heap:
 PSYoungGen      total 385536K, used 22774K [0x0000000781f80000, 0x000000079c980000, 0x00000007c0000000)
  eden space 337920K, 0% used [0x0000000781f80000,0x0000000781f80000,0x0000000796980000)
  from space 47616K, 47% used [0x0000000796c80000,0x00000007982bd8c8,0x0000000799b00000)
  to   space 23552K, 0% used [0x000000079b280000,0x000000079b280000,0x000000079c980000)
 ParOldGen       total 95232K, used 54028K [0x0000000705e00000, 0x000000070bb00000, 0x0000000781f80000)
  object space 95232K, 56% used [0x0000000705e00000,0x00000007092c3280,0x000000070bb00000)
 Metaspace       used 26246K, capacity 27004K, committed 27392K, reserved 1073152K
  class space    used 3016K, capacity 3206K, committed 3328K, reserved 1048576K
GC Heap History (10 events):
Event: 2,589 GC heap after
Heap after GC invocations=3 (full 0):
 PSYoungGen      total 104960K, used 7664K [0x0000000781f80000, 0x000000078ec80000, 0x00000007c0000000)
  eden space 97280K, 0% used [0x0000000781f80000,0x0000000781f80000,0x0000000787e80000)
  from space 7680K, 99% used [0x0000000787e80000,0x00000007885fc020,0x0000000788600000)
  to   space 7680K, 0% used [0x000000078e500000,0x000000078e500000,0x000000078ec80000)
 ParOldGen       total 128512K, used 9762K [0x0000000705e00000, 0x000000070db80000, 0x0000000781f80000)
  object space 128512K, 7% used [0x0000000705e00000,0x0000000706788af0,0x000000070db80000)
 Metaspace       used 15872K, capacity 16072K, committed 16256K, reserved 1062912K
  class space    used 1719K, capacity 1802K, committed 1920K, reserved 1048576K
}
Event: 3,848 GC heap before
{Heap before GC invocations=4 (full 0):
 PSYoungGen      total 104960K, used 104944K [0x0000000781f80000, 0x000000078ec80000, 0x00000007c0000000)
  eden space 97280K, 100% used [0x0000000781f80000,0x0000000787e80000,0x0000000787e80000)
  from space 7680K, 99% used [0x0000000787e80000,0x00000007885fc020,0x0000000788600000)
  to   space 7680K, 0% used [0x000000078e500000,0x000000078e500000,0x000000078ec80000)
 ParOldGen       total 128512K, used 9762K [0x0000000705e00000, 0x000000070db80000, 0x0000000781f80000)
  object space 128512K, 7% used [0x0000000705e00000,0x0000000706788af0,0x000000070db80000)
 Metaspace       used 20536K, capacity 21060K, committed 21248K, reserved 1069056K
  class space    used 2333K, capacity 2470K, committed 2560K, reserved 1048576K
Event: 3,895 GC heap after
Heap after GC invocations=4 (full 0):
 PSYoungGen      total 202240K, used 7671K [0x0000000781f80000, 0x000000078ec80000, 0x00000007c0000000)
  eden space 194560K, 0% used [0x0000000781f80000,0x0000000781f80000,0x000000078dd80000)
  from space 7680K, 99% used [0x000000078e500000,0x000000078ec7dc10,0x000000078ec80000)
  to   space 7680K, 0% used [0x000000078dd80000,0x000000078dd80000,0x000000078e500000)
 ParOldGen       total 128512K, used 24250K [0x0000000705e00000, 0x000000070db80000, 0x0000000781f80000)
  object space 128512K, 18% used [0x0000000705e00000,0x00000007075ae9f8,0x000000070db80000)
 Metaspace       used 20536K, capacity 21060K, committed 21248K, reserved 1069056K
  class space    used 2333K, capacity 2470K, committed 2560K, reserved 1048576K
}
Event: 3,934 GC heap before
{Heap before GC invocations=5 (full 0):
 PSYoungGen      total 202240K, used 19665K [0x0000000781f80000, 0x000000078ec80000, 0x00000007c0000000)
  eden space 194560K, 6% used [0x0000000781f80000,0x0000000782b36b08,0x000000078dd80000)
  from space 7680K, 99% used [0x000000078e500000,0x000000078ec7dc10,0x000000078ec80000)
  to   space 7680K, 0% used [0x000000078dd80000,0x000000078dd80000,0x000000078e500000)
 ParOldGen       total 128512K, used 24250K [0x0000000705e00000, 0x000000070db80000, 0x0000000781f80000)
  object space 128512K, 18% used [0x0000000705e00000,0x00000007075ae9f8,0x000000070db80000)
 Metaspace       used 20610K, capacity 21180K, committed 21248K, reserved 1069056K
  class space    used 2345K, capacity 2506K, committed 2560K, reserved 1048576K
Event: 3,943 GC heap after
Heap after GC invocations=5 (full 0):
 PSYoungGen      total 202240K, used 7654K [0x0000000781f80000, 0x000000079c980000, 0x00000007c0000000)
  eden space 194560K, 0% used [0x0000000781f80000,0x0000000781f80000,0x000000078dd80000)
  from space 7680K, 99% used [0x000000078dd80000,0x000000078e4f9ae0,0x000000078e500000)
  to   space 23552K, 0% used [0x000000079b280000,0x000000079b280000,0x000000079c980000)
 ParOldGen       total 128512K, used 24449K [0x0000000705e00000, 0x000000070db80000, 0x0000000781f80000)
  object space 128512K, 19% used [0x0000000705e00000,0x00000007075e0548,0x000000070db80000)
 Metaspace       used 20610K, capacity 21180K, committed 21248K, reserved 1069056K
  class space    used 2345K, capacity 2506K, committed 2560K, reserved 1048576K
}
Event: 3,944 GC heap before
{Heap before GC invocations=6 (full 1):
 PSYoungGen      total 202240K, used 7654K [0x0000000781f80000, 0x000000079c980000, 0x00000007c0000000)
  eden space 194560K, 0% used [0x0000000781f80000,0x0000000781f80000,0x000000078dd80000)
  from space 7680K, 99% used [0x000000078dd80000,0x000000078e4f9ae0,0x000000078e500000)
  to   space 23552K, 0% used [0x000000079b280000,0x000000079b280000,0x000000079c980000)
 ParOldGen       total 128512K, used 24449K [0x0000000705e00000, 0x000000070db80000, 0x0000000781f80000)
  object space 128512K, 19% used [0x0000000705e00000,0x00000007075e0548,0x000000070db80000)
 Metaspace       used 20610K, capacity 21180K, committed 21248K, reserved 1069056K
  class space    used 2345K, capacity 2506K, committed 2560K, reserved 1048576K
Event: 4,018 GC heap after
Heap after GC invocations=6 (full 1):
 PSYoungGen      total 202240K, used 0K [0x0000000781f80000, 0x000000079c980000, 0x00000007c0000000)
  eden space 194560K, 0% used [0x0000000781f80000,0x0000000781f80000,0x000000078dd80000)
  from space 7680K, 0% used [0x000000078dd80000,0x000000078dd80000,0x000000078e500000)
  to   space 23552K, 0% used [0x000000079b280000,0x000000079b280000,0x000000079c980000)
 ParOldGen       total 95232K, used 19668K [0x0000000705e00000, 0x000000070bb00000, 0x0000000781f80000)
  object space 95232K, 20% used [0x0000000705e00000,0x00000007071353f8,0x000000070bb00000)
 Metaspace       used 20610K, capacity 21180K, committed 21248K, reserved 1069056K
  class space    used 2345K, capacity 2506K, committed 2560K, reserved 1048576K
}
Event: 12,036 GC heap before
{Heap before GC invocations=7 (full 1):
 PSYoungGen      total 202240K, used 194560K [0x0000000781f80000, 0x000000079c980000, 0x00000007c0000000)
  eden space 194560K, 100% used [0x0000000781f80000,0x000000078dd80000,0x000000078dd80000)
  from space 7680K, 0% used [0x000000078dd80000,0x000000078dd80000,0x000000078e500000)
  to   space 23552K, 0% used [0x000000079b280000,0x000000079b280000,0x000000079c980000)
 ParOldGen       total 95232K, used 19668K [0x0000000705e00000, 0x000000070bb00000, 0x0000000781f80000)
  object space 95232K, 20% used [0x0000000705e00000,0x00000007071353f8,0x000000070bb00000)
 Metaspace       used 26171K, capacity 26940K, committed 27136K, reserved 1073152K
  class space    used 3016K, capacity 3206K, committed 3328K, reserved 1048576K
Event: 12,082 GC heap after
Heap after GC invocations=7 (full 1):
 PSYoungGen      total 361472K, used 23546K [0x0000000781f80000, 0x000000079c980000, 0x00000007c0000000)
  eden space 337920K, 0% used [0x0000000781f80000,0x0000000781f80000,0x0000000796980000)
  from space 23552K, 99% used [0x000000079b280000,0x000000079c97ead0,0x000000079c980000)
  to   space 47616K, 0% used [0x0000000796c80000,0x0000000796c80000,0x0000000799b00000)
 ParOldGen       total 95232K, used 54020K [0x0000000705e00000, 0x000000070bb00000, 0x0000000781f80000)
  object space 95232K, 56% used [0x0000000705e00000,0x00000007092c1280,0x000000070bb00000)
 Metaspace       used 26171K, capacity 26940K, committed 27136K, reserved 1073152K
  class space    used 3016K, capacity 3206K, committed 3328K, reserved 1048576K
}
Event: 17,752 GC heap before
{Heap before GC invocations=8 (full 1):
 PSYoungGen      total 361472K, used 360419K [0x0000000781f80000, 0x000000079c980000, 0x00000007c0000000)
  eden space 337920K, 99% used [0x0000000781f80000,0x000000079687a418,0x0000000796980000)
  from space 23552K, 99% used [0x000000079b280000,0x000000079c97ead0,0x000000079c980000)
  to   space 47616K, 0% used [0x0000000796c80000,0x0000000796c80000,0x0000000799b00000)
 ParOldGen       total 95232K, used 54020K [0x0000000705e00000, 0x000000070bb00000, 0x0000000781f80000)
  object space 95232K, 56% used [0x0000000705e00000,0x00000007092c1280,0x000000070bb00000)
 Metaspace       used 26246K, capacity 27004K, committed 27392K, reserved 1073152K
  class space    used 3016K, capacity 3206K, committed 3328K, reserved 1048576K

